{"name":"hexo","hostname":"guojunhuadeMacBook-Pro.local","pid":1033,"level":20,"msg":"Writing database to /Users/guojunhua/webworkspace/blog/db.json","time":"2019-02-27T15:06:53.171Z","v":0}
{"name":"hexo","hostname":"guojunhuadeMacBook-Pro.local","pid":1033,"level":20,"msg":"Hexo version: \u001b[35m3.8.0\u001b[39m","time":"2019-02-27T15:06:53.180Z","v":0}
{"name":"hexo","hostname":"guojunhuadeMacBook-Pro.local","pid":1033,"level":20,"msg":"Working directory: \u001b[35m~/webworkspace/blog/\u001b[39m","time":"2019-02-27T15:06:53.180Z","v":0}
{"name":"hexo","hostname":"guojunhuadeMacBook-Pro.local","pid":1033,"level":20,"msg":"Config loaded: \u001b[35m~/webworkspace/blog/_config.yml\u001b[39m","time":"2019-02-27T15:06:53.224Z","v":0}
{"name":"hexo","hostname":"guojunhuadeMacBook-Pro.local","pid":1033,"level":20,"msg":"Plugin loaded: \u001b[35mhexo-generator-archive\u001b[39m","time":"2019-02-27T15:06:53.234Z","v":0}
{"name":"hexo","hostname":"guojunhuadeMacBook-Pro.local","pid":1033,"level":20,"msg":"Plugin loaded: \u001b[35mhexo-generator-category\u001b[39m","time":"2019-02-27T15:06:53.234Z","v":0}
{"name":"hexo","hostname":"guojunhuadeMacBook-Pro.local","pid":1033,"level":20,"msg":"Plugin loaded: \u001b[35mhexo-generator-index\u001b[39m","time":"2019-02-27T15:06:53.235Z","v":0}
{"name":"hexo","hostname":"guojunhuadeMacBook-Pro.local","pid":1033,"level":20,"msg":"Plugin loaded: \u001b[35mhexo-generator-tag\u001b[39m","time":"2019-02-27T15:06:53.236Z","v":0}
{"name":"hexo","hostname":"guojunhuadeMacBook-Pro.local","pid":1033,"level":20,"msg":"Plugin loaded: \u001b[35mhexo-renderer-ejs\u001b[39m","time":"2019-02-27T15:06:53.237Z","v":0}
{"name":"hexo","hostname":"guojunhuadeMacBook-Pro.local","pid":1033,"level":20,"msg":"Plugin loaded: \u001b[35mhexo-renderer-stylus\u001b[39m","time":"2019-02-27T15:06:53.238Z","v":0}
{"name":"hexo","hostname":"guojunhuadeMacBook-Pro.local","pid":1033,"level":20,"msg":"Plugin loaded: \u001b[35mhexo-renderer-marked\u001b[39m","time":"2019-02-27T15:06:53.240Z","v":0}
{"name":"hexo","hostname":"guojunhuadeMacBook-Pro.local","pid":1033,"level":20,"msg":"Plugin loaded: \u001b[35mhexo-server\u001b[39m","time":"2019-02-27T15:06:53.271Z","v":0}
{"name":"hexo","hostname":"guojunhuadeMacBook-Pro.local","pid":1033,"level":20,"msg":"Script loaded: \u001b[35mthemes/landscape/scripts/fancybox.js\u001b[39m","time":"2019-02-27T15:06:53.273Z","v":0}
{"name":"hexo","hostname":"guojunhuadeMacBook-Pro.local","pid":1033,"level":20,"msg":"Loading database.","time":"2019-02-27T15:06:53.276Z","v":0}
{"name":"hexo","hostname":"guojunhuadeMacBook-Pro.local","pid":1033,"level":30,"msg":"Start processing","time":"2019-02-27T15:06:53.291Z","v":0}
{"name":"hexo","hostname":"guojunhuadeMacBook-Pro.local","pid":1033,"level":20,"msg":"Processed: \u001b[35m_posts/hello-world.md\u001b[39m","time":"2019-02-27T15:06:53.317Z","v":0}
{"name":"hexo","hostname":"guojunhuadeMacBook-Pro.local","pid":1033,"level":20,"msg":"Theme config loaded.","time":"2019-02-27T15:06:53.338Z","v":0}
{"name":"hexo","hostname":"guojunhuadeMacBook-Pro.local","pid":1033,"level":20,"msg":"Processed: \u001b[35m_config.yml\u001b[39m","time":"2019-02-27T15:06:53.339Z","v":0}
{"name":"hexo","hostname":"guojunhuadeMacBook-Pro.local","pid":1033,"level":20,"msg":"Processed: \u001b[35msource/css/style.styl\u001b[39m","time":"2019-02-27T15:06:53.345Z","v":0}
{"name":"hexo","hostname":"guojunhuadeMacBook-Pro.local","pid":1033,"level":20,"msg":"Processed: \u001b[35msource/fancybox/blank.gif\u001b[39m","time":"2019-02-27T15:06:53.345Z","v":0}
{"name":"hexo","hostname":"guojunhuadeMacBook-Pro.local","pid":1033,"level":20,"msg":"Processed: \u001b[35msource/fancybox/fancybox_loading.gif\u001b[39m","time":"2019-02-27T15:06:53.346Z","v":0}
{"name":"hexo","hostname":"guojunhuadeMacBook-Pro.local","pid":1033,"level":20,"msg":"Processed: \u001b[35msource/fancybox/fancybox_loading@2x.gif\u001b[39m","time":"2019-02-27T15:06:53.346Z","v":0}
{"name":"hexo","hostname":"guojunhuadeMacBook-Pro.local","pid":1033,"level":20,"msg":"Processed: \u001b[35msource/fancybox/fancybox_overlay.png\u001b[39m","time":"2019-02-27T15:06:53.346Z","v":0}
{"name":"hexo","hostname":"guojunhuadeMacBook-Pro.local","pid":1033,"level":20,"msg":"Processed: \u001b[35msource/fancybox/fancybox_sprite.png\u001b[39m","time":"2019-02-27T15:06:53.346Z","v":0}
{"name":"hexo","hostname":"guojunhuadeMacBook-Pro.local","pid":1033,"level":20,"msg":"Processed: \u001b[35msource/fancybox/fancybox_sprite@2x.png\u001b[39m","time":"2019-02-27T15:06:53.346Z","v":0}
{"name":"hexo","hostname":"guojunhuadeMacBook-Pro.local","pid":1033,"level":20,"msg":"Processed: \u001b[35msource/fancybox/jquery.fancybox.css\u001b[39m","time":"2019-02-27T15:06:53.346Z","v":0}
{"name":"hexo","hostname":"guojunhuadeMacBook-Pro.local","pid":1033,"level":20,"msg":"Processed: \u001b[35msource/fancybox/jquery.fancybox.js\u001b[39m","time":"2019-02-27T15:06:53.346Z","v":0}
{"name":"hexo","hostname":"guojunhuadeMacBook-Pro.local","pid":1033,"level":20,"msg":"Processed: \u001b[35msource/js/script.js\u001b[39m","time":"2019-02-27T15:06:53.347Z","v":0}
{"name":"hexo","hostname":"guojunhuadeMacBook-Pro.local","pid":1033,"level":20,"msg":"Processed: \u001b[35msource/fancybox/jquery.fancybox.pack.js\u001b[39m","time":"2019-02-27T15:06:53.347Z","v":0}
{"name":"hexo","hostname":"guojunhuadeMacBook-Pro.local","pid":1033,"level":20,"msg":"Processed: \u001b[35mlayout/archive.ejs\u001b[39m","time":"2019-02-27T15:06:53.354Z","v":0}
{"name":"hexo","hostname":"guojunhuadeMacBook-Pro.local","pid":1033,"level":20,"msg":"Processed: \u001b[35mlayout/category.ejs\u001b[39m","time":"2019-02-27T15:06:53.354Z","v":0}
{"name":"hexo","hostname":"guojunhuadeMacBook-Pro.local","pid":1033,"level":20,"msg":"Processed: \u001b[35mlayout/index.ejs\u001b[39m","time":"2019-02-27T15:06:53.354Z","v":0}
{"name":"hexo","hostname":"guojunhuadeMacBook-Pro.local","pid":1033,"level":20,"msg":"Processed: \u001b[35mlayout/layout.ejs\u001b[39m","time":"2019-02-27T15:06:53.357Z","v":0}
{"name":"hexo","hostname":"guojunhuadeMacBook-Pro.local","pid":1033,"level":20,"msg":"Processed: \u001b[35mlayout/page.ejs\u001b[39m","time":"2019-02-27T15:06:53.357Z","v":0}
{"name":"hexo","hostname":"guojunhuadeMacBook-Pro.local","pid":1033,"level":20,"msg":"Processed: \u001b[35mlayout/post.ejs\u001b[39m","time":"2019-02-27T15:06:53.358Z","v":0}
{"name":"hexo","hostname":"guojunhuadeMacBook-Pro.local","pid":1033,"level":20,"msg":"Processed: \u001b[35mlayout/tag.ejs\u001b[39m","time":"2019-02-27T15:06:53.358Z","v":0}
{"name":"hexo","hostname":"guojunhuadeMacBook-Pro.local","pid":1033,"level":20,"msg":"Processed: \u001b[35mlanguages/default.yml\u001b[39m","time":"2019-02-27T15:06:53.359Z","v":0}
{"name":"hexo","hostname":"guojunhuadeMacBook-Pro.local","pid":1033,"level":20,"msg":"Processed: \u001b[35mlanguages/fr.yml\u001b[39m","time":"2019-02-27T15:06:53.359Z","v":0}
{"name":"hexo","hostname":"guojunhuadeMacBook-Pro.local","pid":1033,"level":20,"msg":"Processed: \u001b[35mlanguages/nl.yml\u001b[39m","time":"2019-02-27T15:06:53.359Z","v":0}
{"name":"hexo","hostname":"guojunhuadeMacBook-Pro.local","pid":1033,"level":20,"msg":"Processed: \u001b[35mlanguages/no.yml\u001b[39m","time":"2019-02-27T15:06:53.359Z","v":0}
{"name":"hexo","hostname":"guojunhuadeMacBook-Pro.local","pid":1033,"level":20,"msg":"Processed: \u001b[35mlanguages/ru.yml\u001b[39m","time":"2019-02-27T15:06:53.359Z","v":0}
{"name":"hexo","hostname":"guojunhuadeMacBook-Pro.local","pid":1033,"level":20,"msg":"Processed: \u001b[35mlanguages/zh-CN.yml\u001b[39m","time":"2019-02-27T15:06:53.359Z","v":0}
{"name":"hexo","hostname":"guojunhuadeMacBook-Pro.local","pid":1033,"level":20,"msg":"Processed: \u001b[35mlanguages/zh-TW.yml\u001b[39m","time":"2019-02-27T15:06:53.359Z","v":0}
{"name":"hexo","hostname":"guojunhuadeMacBook-Pro.local","pid":1033,"level":20,"msg":"Processed: \u001b[35msource/css/fonts/FontAwesome.otf\u001b[39m","time":"2019-02-27T15:06:53.362Z","v":0}
{"name":"hexo","hostname":"guojunhuadeMacBook-Pro.local","pid":1033,"level":20,"msg":"Processed: \u001b[35msource/css/fonts/fontawesome-webfont.eot\u001b[39m","time":"2019-02-27T15:06:53.363Z","v":0}
{"name":"hexo","hostname":"guojunhuadeMacBook-Pro.local","pid":1033,"level":20,"msg":"Processed: \u001b[35msource/css/fonts/fontawesome-webfont.woff\u001b[39m","time":"2019-02-27T15:06:53.363Z","v":0}
{"name":"hexo","hostname":"guojunhuadeMacBook-Pro.local","pid":1033,"level":20,"msg":"Processed: \u001b[35msource/fancybox/helpers/fancybox_buttons.png\u001b[39m","time":"2019-02-27T15:06:53.363Z","v":0}
{"name":"hexo","hostname":"guojunhuadeMacBook-Pro.local","pid":1033,"level":20,"msg":"Processed: \u001b[35msource/fancybox/helpers/jquery.fancybox-buttons.css\u001b[39m","time":"2019-02-27T15:06:53.363Z","v":0}
{"name":"hexo","hostname":"guojunhuadeMacBook-Pro.local","pid":1033,"level":20,"msg":"Processed: \u001b[35msource/fancybox/helpers/jquery.fancybox-buttons.js\u001b[39m","time":"2019-02-27T15:06:53.363Z","v":0}
{"name":"hexo","hostname":"guojunhuadeMacBook-Pro.local","pid":1033,"level":20,"msg":"Processed: \u001b[35msource/fancybox/helpers/jquery.fancybox-media.js\u001b[39m","time":"2019-02-27T15:06:53.363Z","v":0}
{"name":"hexo","hostname":"guojunhuadeMacBook-Pro.local","pid":1033,"level":20,"msg":"Processed: \u001b[35msource/fancybox/helpers/jquery.fancybox-thumbs.css\u001b[39m","time":"2019-02-27T15:06:53.364Z","v":0}
{"name":"hexo","hostname":"guojunhuadeMacBook-Pro.local","pid":1033,"level":20,"msg":"Processed: \u001b[35msource/fancybox/helpers/jquery.fancybox-thumbs.js\u001b[39m","time":"2019-02-27T15:06:53.364Z","v":0}
{"name":"hexo","hostname":"guojunhuadeMacBook-Pro.local","pid":1033,"level":20,"msg":"Processed: \u001b[35mlayout/_widget/archive.ejs\u001b[39m","time":"2019-02-27T15:06:53.368Z","v":0}
{"name":"hexo","hostname":"guojunhuadeMacBook-Pro.local","pid":1033,"level":20,"msg":"Processed: \u001b[35mlayout/_widget/recent_posts.ejs\u001b[39m","time":"2019-02-27T15:06:53.368Z","v":0}
{"name":"hexo","hostname":"guojunhuadeMacBook-Pro.local","pid":1033,"level":20,"msg":"Processed: \u001b[35mlayout/_widget/category.ejs\u001b[39m","time":"2019-02-27T15:06:53.368Z","v":0}
{"name":"hexo","hostname":"guojunhuadeMacBook-Pro.local","pid":1033,"level":20,"msg":"Processed: \u001b[35mlayout/_widget/tagcloud.ejs\u001b[39m","time":"2019-02-27T15:06:53.368Z","v":0}
{"name":"hexo","hostname":"guojunhuadeMacBook-Pro.local","pid":1033,"level":20,"msg":"Processed: \u001b[35mlayout/_widget/tag.ejs\u001b[39m","time":"2019-02-27T15:06:53.368Z","v":0}
{"name":"hexo","hostname":"guojunhuadeMacBook-Pro.local","pid":1033,"level":20,"msg":"Processed: \u001b[35mlayout/_partial/after-footer.ejs\u001b[39m","time":"2019-02-27T15:06:53.368Z","v":0}
{"name":"hexo","hostname":"guojunhuadeMacBook-Pro.local","pid":1033,"level":20,"msg":"Processed: \u001b[35mlayout/_partial/archive.ejs\u001b[39m","time":"2019-02-27T15:06:53.368Z","v":0}
{"name":"hexo","hostname":"guojunhuadeMacBook-Pro.local","pid":1033,"level":20,"msg":"Processed: \u001b[35mlayout/_partial/article.ejs\u001b[39m","time":"2019-02-27T15:06:53.368Z","v":0}
{"name":"hexo","hostname":"guojunhuadeMacBook-Pro.local","pid":1033,"level":20,"msg":"Processed: \u001b[35mlayout/_partial/footer.ejs\u001b[39m","time":"2019-02-27T15:06:53.368Z","v":0}
{"name":"hexo","hostname":"guojunhuadeMacBook-Pro.local","pid":1033,"level":20,"msg":"Processed: \u001b[35mlayout/_partial/archive-post.ejs\u001b[39m","time":"2019-02-27T15:06:53.368Z","v":0}
{"name":"hexo","hostname":"guojunhuadeMacBook-Pro.local","pid":1033,"level":20,"msg":"Processed: \u001b[35mlayout/_partial/head.ejs\u001b[39m","time":"2019-02-27T15:06:53.368Z","v":0}
{"name":"hexo","hostname":"guojunhuadeMacBook-Pro.local","pid":1033,"level":20,"msg":"Processed: \u001b[35mlayout/_partial/google-analytics.ejs\u001b[39m","time":"2019-02-27T15:06:53.368Z","v":0}
{"name":"hexo","hostname":"guojunhuadeMacBook-Pro.local","pid":1033,"level":20,"msg":"Processed: \u001b[35mlayout/_partial/sidebar.ejs\u001b[39m","time":"2019-02-27T15:06:53.369Z","v":0}
{"name":"hexo","hostname":"guojunhuadeMacBook-Pro.local","pid":1033,"level":20,"msg":"Processed: \u001b[35mlayout/_partial/header.ejs\u001b[39m","time":"2019-02-27T15:06:53.369Z","v":0}
{"name":"hexo","hostname":"guojunhuadeMacBook-Pro.local","pid":1033,"level":20,"msg":"Processed: \u001b[35mlayout/_partial/mobile-nav.ejs\u001b[39m","time":"2019-02-27T15:06:53.369Z","v":0}
{"name":"hexo","hostname":"guojunhuadeMacBook-Pro.local","pid":1033,"level":20,"msg":"Processed: \u001b[35msource/css/fonts/fontawesome-webfont.ttf\u001b[39m","time":"2019-02-27T15:06:53.369Z","v":0}
{"name":"hexo","hostname":"guojunhuadeMacBook-Pro.local","pid":1033,"level":20,"msg":"Processed: \u001b[35mlayout/_partial/post/date.ejs\u001b[39m","time":"2019-02-27T15:06:53.372Z","v":0}
{"name":"hexo","hostname":"guojunhuadeMacBook-Pro.local","pid":1033,"level":20,"msg":"Processed: \u001b[35mlayout/_partial/post/gallery.ejs\u001b[39m","time":"2019-02-27T15:06:53.372Z","v":0}
{"name":"hexo","hostname":"guojunhuadeMacBook-Pro.local","pid":1033,"level":20,"msg":"Processed: \u001b[35mlayout/_partial/post/title.ejs\u001b[39m","time":"2019-02-27T15:06:53.372Z","v":0}
{"name":"hexo","hostname":"guojunhuadeMacBook-Pro.local","pid":1033,"level":20,"msg":"Processed: \u001b[35mlayout/_partial/post/tag.ejs\u001b[39m","time":"2019-02-27T15:06:53.372Z","v":0}
{"name":"hexo","hostname":"guojunhuadeMacBook-Pro.local","pid":1033,"level":20,"msg":"Processed: \u001b[35mlayout/_partial/post/category.ejs\u001b[39m","time":"2019-02-27T15:06:53.372Z","v":0}
{"name":"hexo","hostname":"guojunhuadeMacBook-Pro.local","pid":1033,"level":20,"msg":"Processed: \u001b[35mlayout/_partial/post/nav.ejs\u001b[39m","time":"2019-02-27T15:06:53.372Z","v":0}
{"name":"hexo","hostname":"guojunhuadeMacBook-Pro.local","pid":1033,"level":20,"msg":"Processed: \u001b[35msource/css/fonts/fontawesome-webfont.svg\u001b[39m","time":"2019-02-27T15:06:53.373Z","v":0}
{"name":"hexo","hostname":"guojunhuadeMacBook-Pro.local","pid":1033,"level":20,"msg":"Processed: \u001b[35msource/css/images/banner.jpg\u001b[39m","time":"2019-02-27T15:06:53.373Z","v":0}
{"name":"hexo","hostname":"guojunhuadeMacBook-Pro.local","pid":1033,"level":20,"msg":"Generator: \u001b[35mpage\u001b[39m","time":"2019-02-27T15:06:53.390Z","v":0}
{"name":"hexo","hostname":"guojunhuadeMacBook-Pro.local","pid":1033,"level":20,"msg":"Generator: \u001b[35mpost\u001b[39m","time":"2019-02-27T15:06:53.390Z","v":0}
{"name":"hexo","hostname":"guojunhuadeMacBook-Pro.local","pid":1033,"level":20,"msg":"Generator: \u001b[35marchive\u001b[39m","time":"2019-02-27T15:06:53.390Z","v":0}
{"name":"hexo","hostname":"guojunhuadeMacBook-Pro.local","pid":1033,"level":20,"msg":"Generator: \u001b[35mcategory\u001b[39m","time":"2019-02-27T15:06:53.390Z","v":0}
{"name":"hexo","hostname":"guojunhuadeMacBook-Pro.local","pid":1033,"level":20,"msg":"Generator: \u001b[35mindex\u001b[39m","time":"2019-02-27T15:06:53.390Z","v":0}
{"name":"hexo","hostname":"guojunhuadeMacBook-Pro.local","pid":1033,"level":20,"msg":"Generator: \u001b[35mtag\u001b[39m","time":"2019-02-27T15:06:53.390Z","v":0}
{"name":"hexo","hostname":"guojunhuadeMacBook-Pro.local","pid":1033,"level":20,"msg":"Generator: \u001b[35masset\u001b[39m","time":"2019-02-27T15:06:53.391Z","v":0}
{"name":"hexo","hostname":"guojunhuadeMacBook-Pro.local","pid":1033,"level":30,"msg":"Hexo is running at \u001b[4mhttp://localhost:4000\u001b[24m . Press Ctrl+C to stop.","time":"2019-02-27T15:06:53.393Z","v":0}
{"name":"hexo","hostname":"guojunhuadeMacBook-Pro.local","pid":1033,"level":20,"msg":"Database saved","time":"2019-02-27T15:06:53.396Z","v":0}
{"name":"hexo","hostname":"guojunhuadeMacBook-Pro.local","pid":1033,"level":20,"msg":"Rendering index: \u001b[35mindex.html\u001b[39m","time":"2019-02-27T15:07:08.080Z","v":0}
{"name":"hexo","hostname":"guojunhuadeMacBook-Pro.local","pid":1033,"level":30,"msg":"Have a nice day","time":"2019-02-27T15:22:17.095Z","v":0}
{"name":"hexo","hostname":"guojunhuadeMacBook-Pro.local","pid":1033,"level":20,"msg":"Database saved","time":"2019-02-27T15:22:17.100Z","v":0}
